Unity Editor version:    2020.3.18f1 (a7d1c678663c)
Branch:                  2020.3/staging
Build type:              Release
Batch mode:              YES
macOS version:           Version 11.6 (Build 20G165)
Darwin version:          20.6.0
Architecture:            x86_64
Running under Rosetta:   YES
Available memory:        8192 MB
Using pre-set license
Pro License: NO

COMMAND LINE ARGUMENTS:
/Applications/Unity/Hub/Editor/2020.3.18f1/Unity.app/Contents/MacOS/Unity
-adb2
-batchMode
-noUpm
-name
AssetImportWorker0
-projectPath
/Users/georgliljenberghalstrom/New Unity Project (1)
-logFile
Logs/AssetImportWorker0.log
-srvPort
64493
Successfully changed project path to: /Users/georgliljenberghalstrom/New Unity Project (1)
/Users/georgliljenberghalstrom/New Unity Project (1)
Using Asset Import Pipeline V2.
Refreshing native plugins compatible for Editor in 52.02 ms, found 3 plugins.
Preloading 0 native plugins for Editor in 0.00 ms.
Initialize engine version: 2020.3.18f1 (a7d1c678663c)
[Subsystems] Discovering subsystems at path /Applications/Unity/Hub/Editor/2020.3.18f1/Unity.app/Contents/Resources/UnitySubsystems
[Subsystems] Discovering subsystems at path /Users/georgliljenberghalstrom/New Unity Project (1)/Assets
GfxDevice: creating device client; threaded=0
2021-09-28 13:13:00.554 Unity[20472:1368438] (null) preferred device: Apple M1 (high power)
2021-09-28 13:13:00.554 Unity[20472:1368438] Metal devices available: 1
2021-09-28 13:13:00.554 Unity[20472:1368438] 0: Apple M1 (high power)
2021-09-28 13:13:00.554 Unity[20472:1368438] Using device Apple M1 (high power)
Initializing Metal device caps: Apple M1
Initialize mono
Mono path[0] = '/Applications/Unity/Hub/Editor/2020.3.18f1/Unity.app/Contents/Managed'
Mono path[1] = '/Applications/Unity/Hub/Editor/2020.3.18f1/Unity.app/Contents/MonoBleedingEdge/lib/mono/unityjit'
Mono config path = '/Applications/Unity/Hub/Editor/2020.3.18f1/Unity.app/Contents/MonoBleedingEdge/etc'
Using monoOptions --debugger-agent=transport=dt_socket,embedding=1,server=y,suspend=n,address=127.0.0.1:56472
Begin MonoManager ReloadAssembly
Registering precompiled unity dll's ...
Register platform support module: /Applications/Unity/Hub/Editor/2020.3.18f1/PlaybackEngines/WebGLSupport/UnityEditor.WebGL.Extensions.dll
Register platform support module: /Applications/Unity/Hub/Editor/2020.3.18f1/Unity.app/Contents/PlaybackEngines/MacStandaloneSupport/UnityEditor.OSXStandalone.Extensions.dll
Registered in 0.001916 seconds.
Native extension for OSXStandalone target not found
Native extension for WebGL target not found
Refreshing native plugins compatible for Editor in 47.63 ms, found 3 plugins.
Preloading 0 native plugins for Editor in 0.00 ms.
Mono: successfully reloaded assembly
- Completed reload, in  1.823 seconds
Domain Reload Profiling:
	ReloadAssembly (1823ms)
		BeginReloadAssembly (88ms)
			ExecutionOrderSort (0ms)
			DisableScriptedObjects (0ms)
			BackupInstance (0ms)
			ReleaseScriptingObjects (0ms)
			CreateAndSetChildDomain (3ms)
		EndReloadAssembly (858ms)
			LoadAssemblies (86ms)
			RebuildTransferFunctionScriptingTraits (0ms)
			SetupTypeCache (189ms)
			ReleaseScriptCaches (0ms)
			RebuildScriptCaches (42ms)
			SetupLoadedEditorAssemblies (480ms)
				LogAssemblyErrors (0ms)
				InitializePlatformSupportModulesInManaged (22ms)
				SetLoadedEditorAssemblies (0ms)
				RefreshPlugins (48ms)
				BeforeProcessingInitializeOnLoad (24ms)
				ProcessInitializeOnLoadAttributes (294ms)
				ProcessInitializeOnLoadMethodAttributes (91ms)
				AfterProcessingInitializeOnLoad (0ms)
				EditorAssembliesLoaded (1ms)
			ExecutionOrderSort2 (0ms)
			AwakeInstancesAfterBackupRestoration (0ms)
Platform modules already initialized, skipping
Registering precompiled user dll's ...
Registered in 0.006318 seconds.
Begin MonoManager ReloadAssembly
Native extension for OSXStandalone target not found
Native extension for WebGL target not found
Refreshing native plugins compatible for Editor in 46.25 ms, found 3 plugins.
Preloading 0 native plugins for Editor in 0.00 ms.
Can't find custom attr constructor image: /Users/georgliljenberghalstrom/New Unity Project (1)/Library/PackageCache/com.unity.ads@3.4.4/Editor/UnityEditor.Advertisements.dll mtoken: 0x0a00000f due to:  assembly:/Applications/Unity/Hub/Editor/2020.3.18f1/Unity.app/Contents/Managed/UnityEngine/UnityEngine.CoreModule.dll type:UnityAPICompatibilityVersionAttribute member:void {0}(string,string[]) signature:.ctor
Mono: successfully reloaded assembly
- Completed reload, in  2.280 seconds
Domain Reload Profiling:
	ReloadAssembly (2282ms)
		BeginReloadAssembly (255ms)
			ExecutionOrderSort (0ms)
			DisableScriptedObjects (33ms)
			BackupInstance (0ms)
			ReleaseScriptingObjects (0ms)
			CreateAndSetChildDomain (40ms)
		EndReloadAssembly (1935ms)
			LoadAssemblies (187ms)
			RebuildTransferFunctionScriptingTraits (0ms)
			SetupTypeCache (381ms)
			ReleaseScriptCaches (1ms)
			RebuildScriptCaches (65ms)
			SetupLoadedEditorAssemblies (1006ms)
				LogAssemblyErrors (0ms)
				InitializePlatformSupportModulesInManaged (14ms)
				SetLoadedEditorAssemblies (1ms)
				RefreshPlugins (46ms)
				BeforeProcessingInitializeOnLoad (119ms)
				ProcessInitializeOnLoadAttributes (786ms)
				ProcessInitializeOnLoadMethodAttributes (39ms)
				AfterProcessingInitializeOnLoad (1ms)
				EditorAssembliesLoaded (0ms)
			ExecutionOrderSort2 (0ms)
			AwakeInstancesAfterBackupRestoration (27ms)
Platform modules already initialized, skipping
Validating Project structure ... 0.003602 seconds.
Shader import version has changed; will reimport all shaders...
Upgrading shader files ...0.004697 seconds.
Application.AssetDatabase Initial Script Refresh Start
RefreshInfo: InitialScriptRefreshV2(NoUpdateAssetOptions) scanfilter:  ... 1 filters
RefreshProfiler: Total: 0.000ms
Application.AssetDatabase Initial Script Refresh End
Application.AssetDatabase.Refresh Start
Application.AssetDatabase.Refresh End
RefreshInfo: StopAssetImportingV2(ForceSynchronousImport) scanfilter: 
RefreshProfiler: Total: 0.000ms
Launching external process: /Applications/Unity/Hub/Editor/2020.3.18f1/Unity.app/Contents/Tools/UnityShaderCompiler
Launched and connected shader compiler UnityShaderCompiler after 0.02 seconds
Initializing Unity extensions:
Can't find custom attr constructor image: /Users/georgliljenberghalstrom/New Unity Project (1)/Library/PackageCache/com.unity.ads@3.4.4/Editor/UnityEditor.Advertisements.dll mtoken: 0x0a00000f due to:  assembly:/Applications/Unity/Hub/Editor/2020.3.18f1/Unity.app/Contents/Managed/UnityEngine/UnityEngine.CoreModule.dll type:UnityAPICompatibilityVersionAttribute member:void {0}(string,string[]) signature:.ctor
========================================================================
Worker process is ready to serve import requests
Refreshing native plugins compatible for Editor in 0.42 ms, found 3 plugins.
Preloading 0 native plugins for Editor in 0.00 ms.
Unloading 2492 Unused Serialized files (Serialized files now loaded: 0)
System memory in use before: 209.0 MB.
System memory in use after: 208.2 MB.

Unloading 189 unused Assets to reduce memory usage. Loaded Objects now: 2947.
Total: 2.971083 ms (FindLiveObjects: 0.235458 ms CreateObjectMapping: 0.054541 ms MarkObjects: 2.211709 ms  DeleteObjects: 0.468459 ms)

AssetImportParameters requested are different than current active one (requested -> active):
  custom:video-decoder-ogg-theora: a1e56fd34408186e4bbccfd4996cb3dc -> 
  custom:container-muxer-webm: aa71ff27fc2769a1b78a27578f13a17b -> 
  custom:container-demuxer-webm: 4f35f7cbe854078d1ac9338744f61a02 -> 
  custom:container-demuxer-ogg: 62fdf1f143b41e24485cea50d1cbac27 -> 
  custom:video-encoder-webm-vp8: eb34c28f22e8b96e1ab97ce403110664 -> 
  custom:framework-osx-AVFoundation: e770b220cccbd017edd2c1fefb359320 -> 
  custom:video-decoder-webm-vp8: 9c59270c3fd7afecdb556c50c9e8de78 -> 
  custom:audio-decoder-ogg-vorbis: bf7c407c2cedff20999df2af8eb42d56 -> 
  custom:audio-encoder-webm-vorbis: bf7c407c2cedff20999df2af8eb42d56 -> 
========================================================================
Received Import Request.
  path: Assets/sunnyland woods/Environment
  artifactKey: Guid(c83e3ec70656843878c293d5bac2dc63) Importer(815301076,1909f56bfc062723c751e8b465ee728b)
Start importing Assets/sunnyland woods/Environment using Guid(c83e3ec70656843878c293d5bac2dc63) Importer(815301076,1909f56bfc062723c751e8b465ee728b)  -> (artifact id: '740f288974f9ac2df6736e52427807b3') in 0.007048 seconds 
  Import took 0.009917 seconds .

========================================================================
Received Import Request.
  Time since last request: 0.000969 seconds.
  path: Assets/sunnyland woods/Environment/bg-trees.png
  artifactKey: Guid(5fd9fcf9b037543179fd139164f4b877) Importer(815301076,1909f56bfc062723c751e8b465ee728b)
Start importing Assets/sunnyland woods/Environment/bg-trees.png using Guid(5fd9fcf9b037543179fd139164f4b877) Importer(815301076,1909f56bfc062723c751e8b465ee728b)  -> (artifact id: '51370c7fefb8a89186e4f8798807e10b') in 0.619256 seconds 
  Import took 0.622200 seconds .

========================================================================
Received Import Request.
  Time since last request: 0.002964 seconds.
  path: Assets/sunnyland woods/Environment/tileset-sliced.png
  artifactKey: Guid(9a3f72f076ab840149080d30379776b2) Importer(815301076,1909f56bfc062723c751e8b465ee728b)
Start importing Assets/sunnyland woods/Environment/tileset-sliced.png using Guid(9a3f72f076ab840149080d30379776b2) Importer(815301076,1909f56bfc062723c751e8b465ee728b)  -> (artifact id: 'b80a457afc0137d6d4dc5883b7d729dd') in 0.605356 seconds 
  Import took 0.609361 seconds .

========================================================================
Received Import Request.
  Time since last request: 0.000608 seconds.
  path: Assets/sunnyland woods
  artifactKey: Guid(ce05629830226456b87061db0b227eb4) Importer(815301076,1909f56bfc062723c751e8b465ee728b)
Start importing Assets/sunnyland woods using Guid(ce05629830226456b87061db0b227eb4) Importer(815301076,1909f56bfc062723c751e8b465ee728b)  -> (artifact id: 'b3313327599d6cff98649438ec539e73') in 0.001173 seconds 
  Import took 0.004460 seconds .

========================================================================
Received Import Request.
  Time since last request: 0.000274 seconds.
  path: Assets/sunnyland woods/Environment/tileset.png
  artifactKey: Guid(af00e6efe9c134dcb8b84091c1930420) Importer(815301076,1909f56bfc062723c751e8b465ee728b)
Start importing Assets/sunnyland woods/Environment/tileset.png using Guid(af00e6efe9c134dcb8b84091c1930420) Importer(815301076,1909f56bfc062723c751e8b465ee728b)  -> (artifact id: '6d24302e1807be155d9980b32f33d724') in 0.011395 seconds 
  Import took 0.014464 seconds .

========================================================================
Received Import Request.
  Time since last request: 0.000228 seconds.
  path: Assets/sunnyland woods/Environment/bg-clouds.png
  artifactKey: Guid(fb85ac9b37ba441f595e87addbf59d4d) Importer(815301076,1909f56bfc062723c751e8b465ee728b)
Start importing Assets/sunnyland woods/Environment/bg-clouds.png using Guid(fb85ac9b37ba441f595e87addbf59d4d) Importer(815301076,1909f56bfc062723c751e8b465ee728b)  -> (artifact id: '6c57b4a7b009636311c8dec7918aea06') in 0.010255 seconds 
  Import took 0.012962 seconds .

========================================================================
Received Import Request.
  Time since last request: 0.000222 seconds.
  path: Assets/sunnyland woods/Environment/bg-mountains.png
  artifactKey: Guid(f78264359f1ff47aeaf7e7f761e4179a) Importer(815301076,1909f56bfc062723c751e8b465ee728b)
Start importing Assets/sunnyland woods/Environment/bg-mountains.png using Guid(f78264359f1ff47aeaf7e7f761e4179a) Importer(815301076,1909f56bfc062723c751e8b465ee728b)  -> (artifact id: '1dc79e7733924fca766170e5a59f84b3') in 0.009681 seconds 
  Import took 0.012265 seconds .

========================================================================
Received Import Request.
  Time since last request: 17.448422 seconds.
  path: Assets/sunnyland woods/Environment/props-sliced
  artifactKey: Guid(29730f6df36844762894f5f6fc7dd00d) Importer(815301076,1909f56bfc062723c751e8b465ee728b)
Start importing Assets/sunnyland woods/Environment/props-sliced using Guid(29730f6df36844762894f5f6fc7dd00d) Importer(815301076,1909f56bfc062723c751e8b465ee728b)  -> (artifact id: 'eafa03224e57a7bbe8a8eb549d5465dd') in 0.001732 seconds 
  Import took 0.014972 seconds .

========================================================================
Received Import Request.
  Time since last request: 0.034393 seconds.
  path: Assets/sunnyland woods/Environment/props-sliced/branch-01.png
  artifactKey: Guid(7156a9df7cb1c473797e157b07ccf078) Importer(815301076,1909f56bfc062723c751e8b465ee728b)
Start importing Assets/sunnyland woods/Environment/props-sliced/branch-01.png using Guid(7156a9df7cb1c473797e157b07ccf078) Importer(815301076,1909f56bfc062723c751e8b465ee728b)  -> (artifact id: '5ff64dac0311ac050620643a2c6c144d') in 0.015467 seconds 
  Import took 0.018996 seconds .

========================================================================
Received Import Request.
  Time since last request: 0.000203 seconds.
  path: Assets/sunnyland woods/Environment/props-sliced/branch-02.png
  artifactKey: Guid(01ddb670ae55d430fb41be9428088f6b) Importer(815301076,1909f56bfc062723c751e8b465ee728b)
Start importing Assets/sunnyland woods/Environment/props-sliced/branch-02.png using Guid(01ddb670ae55d430fb41be9428088f6b) Importer(815301076,1909f56bfc062723c751e8b465ee728b)  -> (artifact id: 'c6e0b100899bb14688f2d3bf1e8bb754') in 0.010095 seconds 
  Import took 0.013084 seconds .

========================================================================
Received Import Request.
  Time since last request: 0.000280 seconds.
  path: Assets/sunnyland woods/Environment/props-sliced/branch-05.png
  artifactKey: Guid(550068d7694d045a59b27f85eae8ea18) Importer(815301076,1909f56bfc062723c751e8b465ee728b)
Start importing Assets/sunnyland woods/Environment/props-sliced/branch-05.png using Guid(550068d7694d045a59b27f85eae8ea18) Importer(815301076,1909f56bfc062723c751e8b465ee728b)  -> (artifact id: '3a03d491e25207dcde0db3b7ad9b00f5') in 0.009890 seconds 
  Import took 0.012465 seconds .

========================================================================
Received Import Request.
  Time since last request: 0.000327 seconds.
  path: Assets/sunnyland woods/Environment/props-sliced/branch-04.png
  artifactKey: Guid(e9b71c81571a645b2a519ae4d4f35767) Importer(815301076,1909f56bfc062723c751e8b465ee728b)
Start importing Assets/sunnyland woods/Environment/props-sliced/branch-04.png using Guid(e9b71c81571a645b2a519ae4d4f35767) Importer(815301076,1909f56bfc062723c751e8b465ee728b)  -> (artifact id: '21714485728405d7c6333059c9227fd5') in 0.010329 seconds 
  Import took 0.013386 seconds .

========================================================================
Received Import Request.
  Time since last request: 0.000183 seconds.
  path: Assets/sunnyland woods/Environment/props-sliced/branch-03.png
  artifactKey: Guid(6926f7c095c4a4087ad1e30e54ca21e6) Importer(815301076,1909f56bfc062723c751e8b465ee728b)
Start importing Assets/sunnyland woods/Environment/props-sliced/branch-03.png using Guid(6926f7c095c4a4087ad1e30e54ca21e6) Importer(815301076,1909f56bfc062723c751e8b465ee728b)  -> (artifact id: 'd366efe66460af6c6443791d9a013b37') in 0.009390 seconds 
  Import took 0.012332 seconds .

========================================================================
Received Import Request.
  Time since last request: 0.000259 seconds.
  path: Assets/sunnyland woods/Environment/props-sliced/leaves.png
  artifactKey: Guid(4d280c4f09e7541b988b2f5707b8cb37) Importer(815301076,1909f56bfc062723c751e8b465ee728b)
Start importing Assets/sunnyland woods/Environment/props-sliced/leaves.png using Guid(4d280c4f09e7541b988b2f5707b8cb37) Importer(815301076,1909f56bfc062723c751e8b465ee728b)  -> (artifact id: '2d68b29abc3c5b499636dc538c7b9194') in 0.011382 seconds 
  Import took 0.014332 seconds .

========================================================================
Received Import Request.
  Time since last request: 77.458502 seconds.
  path: Assets/sunnyland woods/Environment/tileset-sliced_0.asset
  artifactKey: Guid(23e51b35da84b43feac56ee5b6071207) Importer(815301076,1909f56bfc062723c751e8b465ee728b)
Start importing Assets/sunnyland woods/Environment/tileset-sliced_0.asset using Guid(23e51b35da84b43feac56ee5b6071207) Importer(815301076,1909f56bfc062723c751e8b465ee728b)  -> (artifact id: '1774130784caf3ac4552744f2390cac4') in 0.997691 seconds 
  Import took 1.008641 seconds .

========================================================================
Received Import Request.
  Time since last request: 0.001861 seconds.
  path: Assets/sunnyland woods/Environment/tileset-sliced_37.asset
  artifactKey: Guid(bc5d1d7d4adc24117a41015692521d79) Importer(815301076,1909f56bfc062723c751e8b465ee728b)
Start importing Assets/sunnyland woods/Environment/tileset-sliced_37.asset using Guid(bc5d1d7d4adc24117a41015692521d79) Importer(815301076,1909f56bfc062723c751e8b465ee728b)  -> (artifact id: '48f8de5cb6c7163267a502d92615c2d8') in 0.007105 seconds 
  Import took 0.010190 seconds .

========================================================================
Received Import Request.
  Time since last request: 0.000350 seconds.
  path: Assets/sunnyland woods/Environment/tileset-sliced_5.asset
  artifactKey: Guid(b0705e4f6d0f64b759af7f00ab07019d) Importer(815301076,1909f56bfc062723c751e8b465ee728b)
Start importing Assets/sunnyland woods/Environment/tileset-sliced_5.asset using Guid(b0705e4f6d0f64b759af7f00ab07019d) Importer(815301076,1909f56bfc062723c751e8b465ee728b)  -> (artifact id: 'e9b06dd7024d5ff22ae6f8251112d279') in 0.005500 seconds 
  Import took 0.008625 seconds .

========================================================================
Received Import Request.
  Time since last request: 0.000233 seconds.
  path: Assets/sunnyland woods/Environment/tileset-sliced_6.asset
  artifactKey: Guid(f0abe038843fd41c78df6992b4ae1824) Importer(815301076,1909f56bfc062723c751e8b465ee728b)
Start importing Assets/sunnyland woods/Environment/tileset-sliced_6.asset using Guid(f0abe038843fd41c78df6992b4ae1824) Importer(815301076,1909f56bfc062723c751e8b465ee728b)  -> (artifact id: '0bc6a692a409535322879b184955848c') in 0.005809 seconds 
  Import took 0.008978 seconds .

========================================================================
Received Import Request.
  Time since last request: 0.000275 seconds.
  path: Assets/sunnyland woods/Environment/tileset-sliced_16.asset
  artifactKey: Guid(3f59ec799b9244c5b82ac5923df2c89c) Importer(815301076,1909f56bfc062723c751e8b465ee728b)
Start importing Assets/sunnyland woods/Environment/tileset-sliced_16.asset using Guid(3f59ec799b9244c5b82ac5923df2c89c) Importer(815301076,1909f56bfc062723c751e8b465ee728b)  -> (artifact id: '85039f28fea2d10f9e3931d1fa013e90') in 0.005308 seconds 
  Import took 0.008323 seconds .

========================================================================
Received Import Request.
  Time since last request: 0.000228 seconds.
  path: Assets/sunnyland woods/Environment/tileset-sliced_29.asset
  artifactKey: Guid(06c61dc0136404a33b66de2e7e760f94) Importer(815301076,1909f56bfc062723c751e8b465ee728b)
Start importing Assets/sunnyland woods/Environment/tileset-sliced_29.asset using Guid(06c61dc0136404a33b66de2e7e760f94) Importer(815301076,1909f56bfc062723c751e8b465ee728b)  -> (artifact id: 'acec57e01f98d3fb0aed698eb305d4fa') in 0.005200 seconds 
  Import took 0.008082 seconds .

========================================================================
Received Import Request.
  Time since last request: 0.000275 seconds.
  path: Assets/sunnyland woods/Environment/tileset-sliced_9.asset
  artifactKey: Guid(c3e2b44f719af42f48560c1d82e6c1dd) Importer(815301076,1909f56bfc062723c751e8b465ee728b)
Start importing Assets/sunnyland woods/Environment/tileset-sliced_9.asset using Guid(c3e2b44f719af42f48560c1d82e6c1dd) Importer(815301076,1909f56bfc062723c751e8b465ee728b)  -> (artifact id: '3e9c3365031b93d3ad6c01063f142a0a') in 0.005236 seconds 
  Import took 0.008243 seconds .

========================================================================
Received Import Request.
  Time since last request: 0.000244 seconds.
  path: Assets/sunnyland woods/Environment/tileset-sliced_32.asset
  artifactKey: Guid(317cf5f7fd23641afb2e6995ce60d67b) Importer(815301076,1909f56bfc062723c751e8b465ee728b)
Start importing Assets/sunnyland woods/Environment/tileset-sliced_32.asset using Guid(317cf5f7fd23641afb2e6995ce60d67b) Importer(815301076,1909f56bfc062723c751e8b465ee728b)  -> (artifact id: '36f3ce0c07527ca8326fef72a6e9cc82') in 0.005107 seconds 
  Import took 0.007980 seconds .

========================================================================
Received Import Request.
  Time since last request: 0.000294 seconds.
  path: Assets/sunnyland woods/Environment/tileset-sliced_8.asset
  artifactKey: Guid(430f78a03064a4ae9ab4fef36c94fc68) Importer(815301076,1909f56bfc062723c751e8b465ee728b)
Start importing Assets/sunnyland woods/Environment/tileset-sliced_8.asset using Guid(430f78a03064a4ae9ab4fef36c94fc68) Importer(815301076,1909f56bfc062723c751e8b465ee728b)  -> (artifact id: '53cb733e081022bd1b226fc8ae9377fb') in 0.005033 seconds 
  Import took 0.007843 seconds .

========================================================================
Received Import Request.
  Time since last request: 0.000291 seconds.
  path: Assets/sunnyland woods/Environment/tileset-sliced_22.asset
  artifactKey: Guid(e72b45dd4e8d540d18a99fe906afe2a9) Importer(815301076,1909f56bfc062723c751e8b465ee728b)
Start importing Assets/sunnyland woods/Environment/tileset-sliced_22.asset using Guid(e72b45dd4e8d540d18a99fe906afe2a9) Importer(815301076,1909f56bfc062723c751e8b465ee728b)  -> (artifact id: '9ed6d26805ac27d9650dde7a23f6bfdf') in 0.005120 seconds 
  Import took 0.007985 seconds .

========================================================================
Received Import Request.
  Time since last request: 0.000249 seconds.
  path: Assets/sunnyland woods/Environment/tileset-sliced_1.asset
  artifactKey: Guid(85e9063b0dd2e4316bc2da383c0339db) Importer(815301076,1909f56bfc062723c751e8b465ee728b)
Start importing Assets/sunnyland woods/Environment/tileset-sliced_1.asset using Guid(85e9063b0dd2e4316bc2da383c0339db) Importer(815301076,1909f56bfc062723c751e8b465ee728b)  -> (artifact id: 'bc5fc3aca47b88bc2ff693c94b9d6556') in 0.005237 seconds 
  Import took 0.008329 seconds .

========================================================================
Received Import Request.
  Time since last request: 0.000303 seconds.
  path: Assets/sunnyland woods/Environment/tileset-sliced_21.asset
  artifactKey: Guid(fd4a0c51dd1ce46f9b442670ff05cc53) Importer(815301076,1909f56bfc062723c751e8b465ee728b)
Start importing Assets/sunnyland woods/Environment/tileset-sliced_21.asset using Guid(fd4a0c51dd1ce46f9b442670ff05cc53) Importer(815301076,1909f56bfc062723c751e8b465ee728b)  -> (artifact id: 'e484d54b18c4ab9c5e0b463cef40404b') in 0.005016 seconds 
  Import took 0.007878 seconds .

========================================================================
Received Import Request.
  Time since last request: 0.000286 seconds.
  path: Assets/sunnyland woods/Environment/tileset-sliced_33.asset
  artifactKey: Guid(99cc0dadd2ae2476f94d3cd04689e756) Importer(815301076,1909f56bfc062723c751e8b465ee728b)
Start importing Assets/sunnyland woods/Environment/tileset-sliced_33.asset using Guid(99cc0dadd2ae2476f94d3cd04689e756) Importer(815301076,1909f56bfc062723c751e8b465ee728b)  -> (artifact id: '2c90b00ea9f22c4935c70a1fc101fb43') in 0.004998 seconds 
  Import took 0.007934 seconds .

========================================================================
Received Import Request.
  Time since last request: 0.000203 seconds.
  path: Assets/sunnyland woods/Environment/tileset-sliced_24.asset
  artifactKey: Guid(edaae7adae2154229bcb0101058c0cf6) Importer(815301076,1909f56bfc062723c751e8b465ee728b)
Start importing Assets/sunnyland woods/Environment/tileset-sliced_24.asset using Guid(edaae7adae2154229bcb0101058c0cf6) Importer(815301076,1909f56bfc062723c751e8b465ee728b)  -> (artifact id: '760022509f898852aea581157a5b2559') in 0.004963 seconds 
  Import took 0.007919 seconds .

========================================================================
Received Import Request.
  Time since last request: 0.000244 seconds.
  path: Assets/sunnyland woods/Environment/tileset-sliced_27.asset
  artifactKey: Guid(7368dd69aaaab4c6898903c1bea9a2f8) Importer(815301076,1909f56bfc062723c751e8b465ee728b)
Start importing Assets/sunnyland woods/Environment/tileset-sliced_27.asset using Guid(7368dd69aaaab4c6898903c1bea9a2f8) Importer(815301076,1909f56bfc062723c751e8b465ee728b)  -> (artifact id: '43b45702ef2821968b6ae6b52021b432') in 0.004947 seconds 
  Import took 0.007794 seconds .

========================================================================
Received Import Request.
  Time since last request: 0.000216 seconds.
  path: Assets/sunnyland woods/Environment/tileset-sliced_18.asset
  artifactKey: Guid(34a871ba79fd54a44b365fb66d25463b) Importer(815301076,1909f56bfc062723c751e8b465ee728b)
Start importing Assets/sunnyland woods/Environment/tileset-sliced_18.asset using Guid(34a871ba79fd54a44b365fb66d25463b) Importer(815301076,1909f56bfc062723c751e8b465ee728b)  -> (artifact id: '9f1021c6dc0af6b71077e6924b227e43') in 0.005063 seconds 
  Import took 0.007890 seconds .

========================================================================
Received Import Request.
  Time since last request: 0.000332 seconds.
  path: Assets/sunnyland woods/Environment/tileset-sliced_4.asset
  artifactKey: Guid(fece0245996df454cb4a3c013a9cbcc8) Importer(815301076,1909f56bfc062723c751e8b465ee728b)
Start importing Assets/sunnyland woods/Environment/tileset-sliced_4.asset using Guid(fece0245996df454cb4a3c013a9cbcc8) Importer(815301076,1909f56bfc062723c751e8b465ee728b)  -> (artifact id: '82adaa4d482248d42cf02349104be584') in 0.005044 seconds 
  Import took 0.007951 seconds .

========================================================================
Received Import Request.
  Time since last request: 0.000178 seconds.
  path: Assets/sunnyland woods/Environment/tileset-sliced_19.asset
  artifactKey: Guid(576b64b4ad1a44a4f8a939156df4dba1) Importer(815301076,1909f56bfc062723c751e8b465ee728b)
Start importing Assets/sunnyland woods/Environment/tileset-sliced_19.asset using Guid(576b64b4ad1a44a4f8a939156df4dba1) Importer(815301076,1909f56bfc062723c751e8b465ee728b)  -> (artifact id: 'edfd93d8cf18b24eef971c00dd60e549') in 0.004982 seconds 
  Import took 0.008240 seconds .

========================================================================
Received Import Request.
  Time since last request: 0.000229 seconds.
  path: Assets/sunnyland woods/Environment/tileset-sliced_25.asset
  artifactKey: Guid(4c4bec73cbad14ffcafd03796edf9824) Importer(815301076,1909f56bfc062723c751e8b465ee728b)
Start importing Assets/sunnyland woods/Environment/tileset-sliced_25.asset using Guid(4c4bec73cbad14ffcafd03796edf9824) Importer(815301076,1909f56bfc062723c751e8b465ee728b)  -> (artifact id: '0126825f4e9ab46788d08db04b9058d3') in 0.005134 seconds 
  Import took 0.007781 seconds .

========================================================================
Received Import Request.
  Time since last request: 0.000202 seconds.
  path: Assets/sunnyland woods/Environment/tileset-sliced_34.asset
  artifactKey: Guid(0327b4185cdd84f1fb88668cbd00154e) Importer(815301076,1909f56bfc062723c751e8b465ee728b)
Start importing Assets/sunnyland woods/Environment/tileset-sliced_34.asset using Guid(0327b4185cdd84f1fb88668cbd00154e) Importer(815301076,1909f56bfc062723c751e8b465ee728b)  -> (artifact id: '48a80f88b58cde7bc3e155ab288a8fc3') in 0.005105 seconds 
  Import took 0.007830 seconds .

========================================================================
Received Import Request.
  Time since last request: 0.000254 seconds.
  path: Assets/sunnyland woods/Environment/tileset-sliced_12.asset
  artifactKey: Guid(3e2d39e6e7d244230870665c2ffe0e5c) Importer(815301076,1909f56bfc062723c751e8b465ee728b)
Start importing Assets/sunnyland woods/Environment/tileset-sliced_12.asset using Guid(3e2d39e6e7d244230870665c2ffe0e5c) Importer(815301076,1909f56bfc062723c751e8b465ee728b)  -> (artifact id: '1347e71d0c6dbc016afb44f9841f928f') in 0.004670 seconds 
  Import took 0.007445 seconds .

========================================================================
Received Import Request.
  Time since last request: 0.000245 seconds.
  path: Assets/sunnyland woods/Environment/tileset-sliced_13.asset
  artifactKey: Guid(dee53982acf144e4ea6104406563375d) Importer(815301076,1909f56bfc062723c751e8b465ee728b)
Start importing Assets/sunnyland woods/Environment/tileset-sliced_13.asset using Guid(dee53982acf144e4ea6104406563375d) Importer(815301076,1909f56bfc062723c751e8b465ee728b)  -> (artifact id: '9b55e5bfbd432fb103dc664c3bc99add') in 0.005789 seconds 
  Import took 0.008621 seconds .

========================================================================
Received Import Request.
  Time since last request: 0.000178 seconds.
  path: Assets/sunnyland woods/Environment/tileset-sliced_35.asset
  artifactKey: Guid(7d790688f22294e40bcb5420bee8577c) Importer(815301076,1909f56bfc062723c751e8b465ee728b)
Start importing Assets/sunnyland woods/Environment/tileset-sliced_35.asset using Guid(7d790688f22294e40bcb5420bee8577c) Importer(815301076,1909f56bfc062723c751e8b465ee728b)  -> (artifact id: '3f7d8520248b9552af2f269d1834a00b') in 0.005633 seconds 
  Import took 0.008560 seconds .

========================================================================
Received Import Request.
  Time since last request: 0.000177 seconds.
  path: Assets/sunnyland woods/Environment/tileset-sliced_15.asset
  artifactKey: Guid(b61c325ca4b5d4a6aba960e8ef39125e) Importer(815301076,1909f56bfc062723c751e8b465ee728b)
Start importing Assets/sunnyland woods/Environment/tileset-sliced_15.asset using Guid(b61c325ca4b5d4a6aba960e8ef39125e) Importer(815301076,1909f56bfc062723c751e8b465ee728b)  -> (artifact id: '13ab6859a844f8383acae5a9f635a639') in 0.004883 seconds 
  Import took 0.007756 seconds .

========================================================================
Received Import Request.
  Time since last request: 0.000160 seconds.
  path: Assets/sunnyland woods/Environment/tileset-sliced_14.asset
  artifactKey: Guid(eb08b02bf69374bfaa6f89a8220e7dd4) Importer(815301076,1909f56bfc062723c751e8b465ee728b)
Start importing Assets/sunnyland woods/Environment/tileset-sliced_14.asset using Guid(eb08b02bf69374bfaa6f89a8220e7dd4) Importer(815301076,1909f56bfc062723c751e8b465ee728b)  -> (artifact id: '41b9d803c8acf6c9158cfc654833db94') in 0.005306 seconds 
  Import took 0.008293 seconds .

========================================================================
Received Import Request.
  Time since last request: 0.000192 seconds.
  path: Assets/sunnyland woods/Environment/tileset-sliced_20.asset
  artifactKey: Guid(dd61669adf84d4f18aad7d1cfc971d90) Importer(815301076,1909f56bfc062723c751e8b465ee728b)
Start importing Assets/sunnyland woods/Environment/tileset-sliced_20.asset using Guid(dd61669adf84d4f18aad7d1cfc971d90) Importer(815301076,1909f56bfc062723c751e8b465ee728b)  -> (artifact id: '45f958659a47d27f7dc681e8afa5bf29') in 0.005054 seconds 
  Import took 0.007961 seconds .

========================================================================
Received Import Request.
  Time since last request: 0.000309 seconds.
  path: Assets/sunnyland woods/Environment/tileset-sliced_23.asset
  artifactKey: Guid(84d3a94f61a3d42dbb55a11055974545) Importer(815301076,1909f56bfc062723c751e8b465ee728b)
Start importing Assets/sunnyland woods/Environment/tileset-sliced_23.asset using Guid(84d3a94f61a3d42dbb55a11055974545) Importer(815301076,1909f56bfc062723c751e8b465ee728b)  -> (artifact id: '7f0b647a70fc3c39a0c794d8f9566686') in 0.004970 seconds 
  Import took 0.007947 seconds .

========================================================================
Received Import Request.
  Time since last request: 0.000207 seconds.
  path: Assets/sunnyland woods/Environment/tileset-sliced_26.asset
  artifactKey: Guid(cb196c06e44c84a3ab27a2fe784e6566) Importer(815301076,1909f56bfc062723c751e8b465ee728b)
Start importing Assets/sunnyland woods/Environment/tileset-sliced_26.asset using Guid(cb196c06e44c84a3ab27a2fe784e6566) Importer(815301076,1909f56bfc062723c751e8b465ee728b)  -> (artifact id: '210585efdf36aafcdf51cee32abc4922') in 0.005052 seconds 
  Import took 0.008274 seconds .

========================================================================
Received Import Request.
  Time since last request: 0.000216 seconds.
  path: Assets/sunnyland woods/Environment/tileset-sliced_36.asset
  artifactKey: Guid(cc1cbca1598a34eeeaa04d17b3cf59e4) Importer(815301076,1909f56bfc062723c751e8b465ee728b)
Start importing Assets/sunnyland woods/Environment/tileset-sliced_36.asset using Guid(cc1cbca1598a34eeeaa04d17b3cf59e4) Importer(815301076,1909f56bfc062723c751e8b465ee728b)  -> (artifact id: 'ea934af9e22849de2e5eed33bccf8b99') in 0.005004 seconds 
  Import took 0.008091 seconds .

========================================================================
Received Import Request.
  Time since last request: 0.000192 seconds.
  path: Assets/sunnyland woods/Environment/tileset-sliced_30.asset
  artifactKey: Guid(5dfa9f82180364ce58bf76a0f50fdaeb) Importer(815301076,1909f56bfc062723c751e8b465ee728b)
Start importing Assets/sunnyland woods/Environment/tileset-sliced_30.asset using Guid(5dfa9f82180364ce58bf76a0f50fdaeb) Importer(815301076,1909f56bfc062723c751e8b465ee728b)  -> (artifact id: '64c9e644ef6f4c29cf74378004a4ee77') in 0.004870 seconds 
  Import took 0.007732 seconds .

========================================================================
Received Import Request.
  Time since last request: 0.000225 seconds.
  path: Assets/sunnyland woods/Environment/tileset-sliced_38.asset
  artifactKey: Guid(e9d36cca01fad445690a685e1454fd65) Importer(815301076,1909f56bfc062723c751e8b465ee728b)
Start importing Assets/sunnyland woods/Environment/tileset-sliced_38.asset using Guid(e9d36cca01fad445690a685e1454fd65) Importer(815301076,1909f56bfc062723c751e8b465ee728b)  -> (artifact id: 'd63b36302d8176cf49fff912d1ce88d0') in 0.004835 seconds 
  Import took 0.007836 seconds .

========================================================================
Received Import Request.
  Time since last request: 0.000214 seconds.
  path: Assets/sunnyland woods/Environment/tileset-sliced_39.asset
  artifactKey: Guid(7d39d280ca40c4386ac010f13f7d248d) Importer(815301076,1909f56bfc062723c751e8b465ee728b)
Start importing Assets/sunnyland woods/Environment/tileset-sliced_39.asset using Guid(7d39d280ca40c4386ac010f13f7d248d) Importer(815301076,1909f56bfc062723c751e8b465ee728b)  -> (artifact id: '7d568e4370e57fe444e039a766b76857') in 0.004891 seconds 
  Import took 0.008193 seconds .

========================================================================
Received Import Request.
  Time since last request: 0.000224 seconds.
  path: Assets/sunnyland woods/Environment/tileset-sliced_28.asset
  artifactKey: Guid(712dbf020ebf54022b30c222cc9d0f92) Importer(815301076,1909f56bfc062723c751e8b465ee728b)
Start importing Assets/sunnyland woods/Environment/tileset-sliced_28.asset using Guid(712dbf020ebf54022b30c222cc9d0f92) Importer(815301076,1909f56bfc062723c751e8b465ee728b)  -> (artifact id: '3499aae3d6df3aa08c763ab0664c23b0') in 0.004949 seconds 
  Import took 0.008043 seconds .

========================================================================
Received Import Request.
  Time since last request: 0.000213 seconds.
  path: Assets/sunnyland woods/Environment/tileset-sliced_3.asset
  artifactKey: Guid(f2a8279a58a744c1297094e1bd88f8c1) Importer(815301076,1909f56bfc062723c751e8b465ee728b)
Start importing Assets/sunnyland woods/Environment/tileset-sliced_3.asset using Guid(f2a8279a58a744c1297094e1bd88f8c1) Importer(815301076,1909f56bfc062723c751e8b465ee728b)  -> (artifact id: '8c614e731cdf4b8ac480ff069a6f17e6') in 0.004949 seconds 
  Import took 0.008188 seconds .

========================================================================
Received Import Request.
  Time since last request: 0.000202 seconds.
  path: Assets/sunnyland woods/Environment/tileset-sliced_17.asset
  artifactKey: Guid(10b030188c7b14e9fa3aa1f53a7b576b) Importer(815301076,1909f56bfc062723c751e8b465ee728b)
Start importing Assets/sunnyland woods/Environment/tileset-sliced_17.asset using Guid(10b030188c7b14e9fa3aa1f53a7b576b) Importer(815301076,1909f56bfc062723c751e8b465ee728b)  -> (artifact id: '95b997cfc1013dd793cc4db896203a5f') in 0.004796 seconds 
  Import took 0.007656 seconds .

========================================================================
Received Import Request.
  Time since last request: 0.000172 seconds.
  path: Assets/sunnyland woods/Environment/tileset-sliced_10.asset
  artifactKey: Guid(a66b996e88f80455488b1e9ca7705663) Importer(815301076,1909f56bfc062723c751e8b465ee728b)
Start importing Assets/sunnyland woods/Environment/tileset-sliced_10.asset using Guid(a66b996e88f80455488b1e9ca7705663) Importer(815301076,1909f56bfc062723c751e8b465ee728b)  -> (artifact id: '7917cbd97a9b7c38ac0c877e17124cd4') in 0.005429 seconds 
  Import took 0.008343 seconds .

========================================================================
Received Import Request.
  Time since last request: 0.000219 seconds.
  path: Assets/sunnyland woods/Environment/tileset-sliced_2.asset
  artifactKey: Guid(3ccf5c754d9fc448d9bffceb981ae387) Importer(815301076,1909f56bfc062723c751e8b465ee728b)
Start importing Assets/sunnyland woods/Environment/tileset-sliced_2.asset using Guid(3ccf5c754d9fc448d9bffceb981ae387) Importer(815301076,1909f56bfc062723c751e8b465ee728b)  -> (artifact id: '1342aa2b224037425eee078f59545154') in 0.004751 seconds 
  Import took 0.007358 seconds .

========================================================================
Received Import Request.
  Time since last request: 0.000193 seconds.
  path: Assets/sunnyland woods/Environment/tileset-sliced_7.asset
  artifactKey: Guid(a160dfc7e1d6949a69f1d34c2df2b881) Importer(815301076,1909f56bfc062723c751e8b465ee728b)
Start importing Assets/sunnyland woods/Environment/tileset-sliced_7.asset using Guid(a160dfc7e1d6949a69f1d34c2df2b881) Importer(815301076,1909f56bfc062723c751e8b465ee728b)  -> (artifact id: 'c8060b1c3b19cef77ff8ce266d0f6c52') in 0.004841 seconds 
  Import took 0.007862 seconds .

========================================================================
Received Import Request.
  Time since last request: 0.000252 seconds.
  path: Assets/sunnyland woods/Environment/tileset-sliced_31.asset
  artifactKey: Guid(35070efc098a84a49bf0e2cd4f218077) Importer(815301076,1909f56bfc062723c751e8b465ee728b)
Start importing Assets/sunnyland woods/Environment/tileset-sliced_31.asset using Guid(35070efc098a84a49bf0e2cd4f218077) Importer(815301076,1909f56bfc062723c751e8b465ee728b)  -> (artifact id: '2f5f1500e32b821f2b002cdcda6f428b') in 0.005686 seconds 
  Import took 0.008429 seconds .

========================================================================
Received Import Request.
  Time since last request: 0.000193 seconds.
  path: Assets/sunnyland woods/Environment/tileset-sliced_11.asset
  artifactKey: Guid(efa539c053b9d44c298179b26eaa438a) Importer(815301076,1909f56bfc062723c751e8b465ee728b)
Start importing Assets/sunnyland woods/Environment/tileset-sliced_11.asset using Guid(efa539c053b9d44c298179b26eaa438a) Importer(815301076,1909f56bfc062723c751e8b465ee728b)  -> (artifact id: '95750c5ecf29d011e34944b0e43850c4') in 0.004999 seconds 
  Import took 0.007703 seconds .

========================================================================
Received Import Request.
  Time since last request: 7.989849 seconds.
  path: Assets/sunnyland woods/Environment/tileset-sliced_40.asset
  artifactKey: Guid(f190b3f96e352480aa49e004a6b1853a) Importer(815301076,1909f56bfc062723c751e8b465ee728b)
Start importing Assets/sunnyland woods/Environment/tileset-sliced_40.asset using Guid(f190b3f96e352480aa49e004a6b1853a) Importer(815301076,1909f56bfc062723c751e8b465ee728b)  -> (artifact id: '313787706779121ece5ee052442a88e1') in 0.006686 seconds 
  Import took 0.010302 seconds .

========================================================================
Received Import Request.
  Time since last request: 0.000206 seconds.
  path: Assets/sunnyland woods/Environment/tileset-sliced_41.asset
  artifactKey: Guid(8458fd0f8300a4580bfd2a7f9d5b2649) Importer(815301076,1909f56bfc062723c751e8b465ee728b)
Start importing Assets/sunnyland woods/Environment/tileset-sliced_41.asset using Guid(8458fd0f8300a4580bfd2a7f9d5b2649) Importer(815301076,1909f56bfc062723c751e8b465ee728b)  -> (artifact id: '6633cbda394a0a212c85c5d85938c6a1') in 0.004933 seconds 
  Import took 0.008155 seconds .

========================================================================
Received Import Request.
  Time since last request: 0.000340 seconds.
  path: Assets/sunnyland woods/Environment/tileset-sliced_42.asset
  artifactKey: Guid(f9eacd674adf54b2297c00c4dff039c9) Importer(815301076,1909f56bfc062723c751e8b465ee728b)
Start importing Assets/sunnyland woods/Environment/tileset-sliced_42.asset using Guid(f9eacd674adf54b2297c00c4dff039c9) Importer(815301076,1909f56bfc062723c751e8b465ee728b)  -> (artifact id: 'a60d9bc1129342ef5cd79c7572d19f1b') in 0.005777 seconds 
  Import took 0.009810 seconds .

========================================================================
Received Import Request.
  Time since last request: 0.000334 seconds.
  path: Assets/sunnyland woods/Environment/tileset-sliced_40.asset
  artifactKey: Guid(f190b3f96e352480aa49e004a6b1853a) Importer(815301076,1909f56bfc062723c751e8b465ee728b)
Start importing Assets/sunnyland woods/Environment/tileset-sliced_40.asset using Guid(f190b3f96e352480aa49e004a6b1853a) Importer(815301076,1909f56bfc062723c751e8b465ee728b)  -> (artifact id: '313787706779121ece5ee052442a88e1') in 0.005045 seconds 
  Import took 0.008824 seconds .

========================================================================
Received Import Request.
  Time since last request: 0.000231 seconds.
  path: Assets/sunnyland woods/Environment/tileset-sliced_43.asset
  artifactKey: Guid(364e8dd72b40b44109321eabf70cd1b8) Importer(815301076,1909f56bfc062723c751e8b465ee728b)
Start importing Assets/sunnyland woods/Environment/tileset-sliced_43.asset using Guid(364e8dd72b40b44109321eabf70cd1b8) Importer(815301076,1909f56bfc062723c751e8b465ee728b)  -> (artifact id: '1008b50f83cdb7c2109f0f010589d2b3') in 0.005026 seconds 
  Import took 0.008610 seconds .

========================================================================
Received Import Request.
  Time since last request: 138.189051 seconds.
  path: Assets/sunnyland woods/Environment/tileset-sliced_44.asset
  artifactKey: Guid(497136ee59b6243eda1bed03b563287a) Importer(815301076,1909f56bfc062723c751e8b465ee728b)
Start importing Assets/sunnyland woods/Environment/tileset-sliced_44.asset using Guid(497136ee59b6243eda1bed03b563287a) Importer(815301076,1909f56bfc062723c751e8b465ee728b)  -> (artifact id: 'bfadd54e7caa789d50b90a714e5ac93a') in 0.026320 seconds 
  Import took 0.035909 seconds .

========================================================================
Received Import Request.
  Time since last request: 0.000445 seconds.
  path: Assets/sunnyland woods/Environment/tileset-sliced_49.asset
  artifactKey: Guid(a694b2f1a72654f9d8d03642c26a1250) Importer(815301076,1909f56bfc062723c751e8b465ee728b)
Start importing Assets/sunnyland woods/Environment/tileset-sliced_49.asset using Guid(a694b2f1a72654f9d8d03642c26a1250) Importer(815301076,1909f56bfc062723c751e8b465ee728b)  -> (artifact id: 'fc6578b52fc29c13d4928a7f94721b8b') in 0.005853 seconds 
  Import took 0.009003 seconds .

========================================================================
Received Import Request.
  Time since last request: 0.000315 seconds.
  path: Assets/sunnyland woods/Environment/tileset-sliced_52.asset
  artifactKey: Guid(39c62585b47c34d048c5725cc233d642) Importer(815301076,1909f56bfc062723c751e8b465ee728b)
Start importing Assets/sunnyland woods/Environment/tileset-sliced_52.asset using Guid(39c62585b47c34d048c5725cc233d642) Importer(815301076,1909f56bfc062723c751e8b465ee728b)  -> (artifact id: 'f2fe5e95b7584dd1fe63949a5263f573') in 0.005793 seconds 
  Import took 0.008943 seconds .

========================================================================
Received Import Request.
  Time since last request: 0.000239 seconds.
  path: Assets/sunnyland woods/Environment/tileset-sliced_45.asset
  artifactKey: Guid(7d6b16906ca814ecba1de0a68e3963f4) Importer(815301076,1909f56bfc062723c751e8b465ee728b)
Start importing Assets/sunnyland woods/Environment/tileset-sliced_45.asset using Guid(7d6b16906ca814ecba1de0a68e3963f4) Importer(815301076,1909f56bfc062723c751e8b465ee728b)  -> (artifact id: '1ff98e99bdb28dfaf60cf4a71e7bfcb7') in 0.005663 seconds 
  Import took 0.008917 seconds .

========================================================================
Received Import Request.
  Time since last request: 0.000210 seconds.
  path: Assets/sunnyland woods/Environment/tileset-sliced_55.asset
  artifactKey: Guid(b1d5f6966c3c34c579579aabf0535275) Importer(815301076,1909f56bfc062723c751e8b465ee728b)
Start importing Assets/sunnyland woods/Environment/tileset-sliced_55.asset using Guid(b1d5f6966c3c34c579579aabf0535275) Importer(815301076,1909f56bfc062723c751e8b465ee728b)  -> (artifact id: 'f79360d37a107fea3c86b5cae73301d4') in 0.006212 seconds 
  Import took 0.009441 seconds .

========================================================================
Received Import Request.
  Time since last request: 0.000300 seconds.
  path: Assets/sunnyland woods/Environment/tileset-sliced_48.asset
  artifactKey: Guid(e7bdadd2387dc492db08077680f0c319) Importer(815301076,1909f56bfc062723c751e8b465ee728b)
Start importing Assets/sunnyland woods/Environment/tileset-sliced_48.asset using Guid(e7bdadd2387dc492db08077680f0c319) Importer(815301076,1909f56bfc062723c751e8b465ee728b)  -> (artifact id: '7f7ac8a077dc637bada6da2b7b2f8363') in 0.004980 seconds 
  Import took 0.008139 seconds .

========================================================================
Received Import Request.
  Time since last request: 0.000309 seconds.
  path: Assets/sunnyland woods/Environment/tileset-sliced_50.asset
  artifactKey: Guid(44350f2c9dbb94d998d93998ce7adf7a) Importer(815301076,1909f56bfc062723c751e8b465ee728b)
Start importing Assets/sunnyland woods/Environment/tileset-sliced_50.asset using Guid(44350f2c9dbb94d998d93998ce7adf7a) Importer(815301076,1909f56bfc062723c751e8b465ee728b)  -> (artifact id: 'dd23b5c73cb26a16e81a2d65d0bf3d3d') in 0.005810 seconds 
  Import took 0.009011 seconds .

========================================================================
Received Import Request.
  Time since last request: 0.000212 seconds.
  path: Assets/sunnyland woods/Environment/tileset-sliced_46.asset
  artifactKey: Guid(8b375f978b8ed44de97ec914e05e8227) Importer(815301076,1909f56bfc062723c751e8b465ee728b)
Start importing Assets/sunnyland woods/Environment/tileset-sliced_46.asset using Guid(8b375f978b8ed44de97ec914e05e8227) Importer(815301076,1909f56bfc062723c751e8b465ee728b)  -> (artifact id: 'af7aff7648571965d1f02593eaeb99d0') in 0.004945 seconds 
  Import took 0.008259 seconds .

========================================================================
Received Import Request.
  Time since last request: 0.000256 seconds.
  path: Assets/sunnyland woods/Environment/tileset-sliced_51.asset
  artifactKey: Guid(458c15021a57a498aaff71378119357d) Importer(815301076,1909f56bfc062723c751e8b465ee728b)
Start importing Assets/sunnyland woods/Environment/tileset-sliced_51.asset using Guid(458c15021a57a498aaff71378119357d) Importer(815301076,1909f56bfc062723c751e8b465ee728b)  -> (artifact id: '27c9a5937d817c90c7b2803d619a20d1') in 0.005059 seconds 
  Import took 0.008335 seconds .

========================================================================
Received Import Request.
  Time since last request: 0.000293 seconds.
  path: Assets/sunnyland woods/Environment/tileset-sliced_54.asset
  artifactKey: Guid(2c0bfdd5fce5c4f8fa58eae57be1deb6) Importer(815301076,1909f56bfc062723c751e8b465ee728b)
Start importing Assets/sunnyland woods/Environment/tileset-sliced_54.asset using Guid(2c0bfdd5fce5c4f8fa58eae57be1deb6) Importer(815301076,1909f56bfc062723c751e8b465ee728b)  -> (artifact id: '55b11b14dd5bfd5721cb9142cf383eee') in 0.005078 seconds 
  Import took 0.008449 seconds .

========================================================================
Received Import Request.
  Time since last request: 0.000292 seconds.
  path: Assets/sunnyland woods/Environment/tileset-sliced_47.asset
  artifactKey: Guid(b40b96ce0f9a04034b87c9e0707cd7d3) Importer(815301076,1909f56bfc062723c751e8b465ee728b)
Start importing Assets/sunnyland woods/Environment/tileset-sliced_47.asset using Guid(b40b96ce0f9a04034b87c9e0707cd7d3) Importer(815301076,1909f56bfc062723c751e8b465ee728b)  -> (artifact id: 'c8bdcf0ccf0013a670e302f65744a2fa') in 0.005183 seconds 
  Import took 0.008384 seconds .

========================================================================
Received Import Request.
  Time since last request: 0.000268 seconds.
  path: Assets/sunnyland woods/Environment/tileset-sliced_53.asset
  artifactKey: Guid(374efe9f9e29d402093c8282bca2a91d) Importer(815301076,1909f56bfc062723c751e8b465ee728b)
Start importing Assets/sunnyland woods/Environment/tileset-sliced_53.asset using Guid(374efe9f9e29d402093c8282bca2a91d) Importer(815301076,1909f56bfc062723c751e8b465ee728b)  -> (artifact id: '29c96717a7d273952ae81d62c5c5221f') in 0.005822 seconds 
  Import took 0.008711 seconds .

========================================================================
Received Import Request.
  Time since last request: 1.707917 seconds.
  path: Assets/sunnyland woods/Environment/tileset-sliced_56.asset
  artifactKey: Guid(2f091a180644545138346d81064067bf) Importer(815301076,1909f56bfc062723c751e8b465ee728b)
Start importing Assets/sunnyland woods/Environment/tileset-sliced_56.asset using Guid(2f091a180644545138346d81064067bf) Importer(815301076,1909f56bfc062723c751e8b465ee728b)  -> (artifact id: 'a1741b37d3c41736699c2c3c8355ab5f') in 0.006307 seconds 
  Import took 0.009902 seconds .

========================================================================
Received Import Request.
  Time since last request: 0.000282 seconds.
  path: Assets/sunnyland woods/Environment/tileset-sliced_66.asset
  artifactKey: Guid(4d84c157a5d49487b87c7ec87f0865fe) Importer(815301076,1909f56bfc062723c751e8b465ee728b)
Start importing Assets/sunnyland woods/Environment/tileset-sliced_66.asset using Guid(4d84c157a5d49487b87c7ec87f0865fe) Importer(815301076,1909f56bfc062723c751e8b465ee728b)  -> (artifact id: '218a29a2ce111f6c238e39253d235990') in 0.005325 seconds 
  Import took 0.008646 seconds .

========================================================================
Received Import Request.
  Time since last request: 0.000233 seconds.
  path: Assets/sunnyland woods/Environment/tileset-sliced_67.asset
  artifactKey: Guid(f707bbb05cca6419caff48ec9f497be7) Importer(815301076,1909f56bfc062723c751e8b465ee728b)
Start importing Assets/sunnyland woods/Environment/tileset-sliced_67.asset using Guid(f707bbb05cca6419caff48ec9f497be7) Importer(815301076,1909f56bfc062723c751e8b465ee728b)  -> (artifact id: '6f48958260b44d41b8ba8345d8bb2c41') in 0.007372 seconds 
  Import took 0.010235 seconds .

========================================================================
Received Import Request.
  Time since last request: 0.000197 seconds.
  path: Assets/sunnyland woods/Environment/tileset-sliced_63.asset
  artifactKey: Guid(570ab4a401649439fb775700e8ad8738) Importer(815301076,1909f56bfc062723c751e8b465ee728b)
Start importing Assets/sunnyland woods/Environment/tileset-sliced_63.asset using Guid(570ab4a401649439fb775700e8ad8738) Importer(815301076,1909f56bfc062723c751e8b465ee728b)  -> (artifact id: '2612945d9f6d063a3a376254dc37bc93') in 0.004971 seconds 
  Import took 0.008061 seconds .

========================================================================
Received Import Request.
  Time since last request: 0.000238 seconds.
  path: Assets/sunnyland woods/Environment/tileset-sliced_60.asset
  artifactKey: Guid(bf2454d52d2e44ce0bf6074ea2eb571b) Importer(815301076,1909f56bfc062723c751e8b465ee728b)
Start importing Assets/sunnyland woods/Environment/tileset-sliced_60.asset using Guid(bf2454d52d2e44ce0bf6074ea2eb571b) Importer(815301076,1909f56bfc062723c751e8b465ee728b)  -> (artifact id: 'bfa5d42ac263237bf8f6f4bad40fadf9') in 0.006500 seconds 
  Import took 0.009772 seconds .

========================================================================
Received Import Request.
  Time since last request: 0.000230 seconds.
  path: Assets/sunnyland woods/Environment/tileset-sliced_64.asset
  artifactKey: Guid(b2c2643e4998c46ef94c12970d6f2638) Importer(815301076,1909f56bfc062723c751e8b465ee728b)
Start importing Assets/sunnyland woods/Environment/tileset-sliced_64.asset using Guid(b2c2643e4998c46ef94c12970d6f2638) Importer(815301076,1909f56bfc062723c751e8b465ee728b)  -> (artifact id: '65cf4125ecb604806332ba006d8d3e2c') in 0.004920 seconds 
  Import took 0.008281 seconds .

========================================================================
Received Import Request.
  Time since last request: 0.000241 seconds.
  path: Assets/sunnyland woods/Environment/tileset-sliced_65.asset
  artifactKey: Guid(ebb318d6c7a0f4ae683a508a2978f1b2) Importer(815301076,1909f56bfc062723c751e8b465ee728b)
Start importing Assets/sunnyland woods/Environment/tileset-sliced_65.asset using Guid(ebb318d6c7a0f4ae683a508a2978f1b2) Importer(815301076,1909f56bfc062723c751e8b465ee728b)  -> (artifact id: '1a1c3206f742e6d5b515172eea8b1304') in 0.005189 seconds 
  Import took 0.008316 seconds .

========================================================================
Received Import Request.
  Time since last request: 0.000246 seconds.
  path: Assets/sunnyland woods/Environment/tileset-sliced_61.asset
  artifactKey: Guid(5010937b8587641e08ca494eefefa174) Importer(815301076,1909f56bfc062723c751e8b465ee728b)
Start importing Assets/sunnyland woods/Environment/tileset-sliced_61.asset using Guid(5010937b8587641e08ca494eefefa174) Importer(815301076,1909f56bfc062723c751e8b465ee728b)  -> (artifact id: 'c144e02498ceeec0d991e5a476f72bb2') in 0.004857 seconds 
  Import took 0.007803 seconds .

========================================================================
Received Import Request.
  Time since last request: 0.000200 seconds.
  path: Assets/sunnyland woods/Environment/tileset-sliced_62.asset
  artifactKey: Guid(56438e3a1d6744a13944b41e22d9615b) Importer(815301076,1909f56bfc062723c751e8b465ee728b)
Start importing Assets/sunnyland woods/Environment/tileset-sliced_62.asset using Guid(56438e3a1d6744a13944b41e22d9615b) Importer(815301076,1909f56bfc062723c751e8b465ee728b)  -> (artifact id: 'e507bc3c4fce7ced4cc57eced2aa738e') in 0.005404 seconds 
  Import took 0.008473 seconds .

========================================================================
Received Import Request.
  Time since last request: 0.000239 seconds.
  path: Assets/sunnyland woods/Environment/tileset-sliced_57.asset
  artifactKey: Guid(4372881044b384a539552465158887ee) Importer(815301076,1909f56bfc062723c751e8b465ee728b)
Start importing Assets/sunnyland woods/Environment/tileset-sliced_57.asset using Guid(4372881044b384a539552465158887ee) Importer(815301076,1909f56bfc062723c751e8b465ee728b)  -> (artifact id: '26a2e2568a46386b5712b79e66889bd2') in 0.004991 seconds 
  Import took 0.007651 seconds .

========================================================================
Received Import Request.
  Time since last request: 0.000231 seconds.
  path: Assets/sunnyland woods/Environment/tileset-sliced_58.asset
  artifactKey: Guid(dc1b62e5533fb4c8cacb635f56d8dd1e) Importer(815301076,1909f56bfc062723c751e8b465ee728b)
Start importing Assets/sunnyland woods/Environment/tileset-sliced_58.asset using Guid(dc1b62e5533fb4c8cacb635f56d8dd1e) Importer(815301076,1909f56bfc062723c751e8b465ee728b)  -> (artifact id: 'f76fe0806bdb3c0ad0be307cc6e13fb0') in 0.005486 seconds 
  Import took 0.008521 seconds .

========================================================================
Received Import Request.
  Time since last request: 0.000257 seconds.
  path: Assets/sunnyland woods/Environment/tileset-sliced_59.asset
  artifactKey: Guid(46c45985b1b724058be234dfa72b5f54) Importer(815301076,1909f56bfc062723c751e8b465ee728b)
Start importing Assets/sunnyland woods/Environment/tileset-sliced_59.asset using Guid(46c45985b1b724058be234dfa72b5f54) Importer(815301076,1909f56bfc062723c751e8b465ee728b)  -> (artifact id: '9a8f07980432bdd98e6babd9083c4938') in 0.005185 seconds 
  Import took 0.008169 seconds .

========================================================================
Received Import Request.
  Time since last request: 16.301735 seconds.
  path: Assets/sunnyland woods/Environment/tileset-sliced.png
  artifactKey: Guid(9a3f72f076ab840149080d30379776b2) Importer(815301076,1909f56bfc062723c751e8b465ee728b)
Start importing Assets/sunnyland woods/Environment/tileset-sliced.png using Guid(9a3f72f076ab840149080d30379776b2) Importer(815301076,1909f56bfc062723c751e8b465ee728b)  -> (artifact id: '29eca112f75b227afd9b2ae0ce338f27') in 0.572576 seconds 
  Import took 0.576411 seconds .

========================================================================
Received Import Request.
  Time since last request: 604.975813 seconds.
  path: Assets/sunnyland woods/Environment/props-sliced/New Palette.prefab
  artifactKey: Guid(c37ecefd6b78443568205a74051b4733) Importer(815301076,1909f56bfc062723c751e8b465ee728b)
Start importing Assets/sunnyland woods/Environment/props-sliced/New Palette.prefab using Guid(c37ecefd6b78443568205a74051b4733) Importer(815301076,1909f56bfc062723c751e8b465ee728b)  -> (artifact id: '9ec6fdebc06c51b92bcb03678670efd7') in 0.241062 seconds 
  Import took 0.251808 seconds .

========================================================================
Received Import Request.
  Time since last request: 637.017009 seconds.
  path: Assets/Hero Knight - Pixel Art
  artifactKey: Guid(2de1403a5820042cda47afd4529a09b1) Importer(815301076,1909f56bfc062723c751e8b465ee728b)
Start importing Assets/Hero Knight - Pixel Art using Guid(2de1403a5820042cda47afd4529a09b1) Importer(815301076,1909f56bfc062723c751e8b465ee728b)  -> (artifact id: 'd9af5315d3b403d5ceb7f425e5176124') in 0.001412 seconds 
  Import took 0.007012 seconds .

========================================================================
Received Import Request.
  Time since last request: 2.157551 seconds.
  path: Assets/Hero Knight - Pixel Art/Demo
  artifactKey: Guid(09a0c900cf3b39b4e834bb8110365207) Importer(815301076,1909f56bfc062723c751e8b465ee728b)
Start importing Assets/Hero Knight - Pixel Art/Demo using Guid(09a0c900cf3b39b4e834bb8110365207) Importer(815301076,1909f56bfc062723c751e8b465ee728b)  -> (artifact id: 'f6ed068ce36058e6ec59a26a5d7dcb99') in 0.001392 seconds 
  Import took 0.006065 seconds .

========================================================================
Received Import Request.
  Time since last request: 0.044323 seconds.
  path: Assets/Hero Knight - Pixel Art/Demo/BlockFlash.prefab
  artifactKey: Guid(803b96fa8ebd5a749bdf32bd0e553139) Importer(815301076,1909f56bfc062723c751e8b465ee728b)
Start importing Assets/Hero Knight - Pixel Art/Demo/BlockFlash.prefab using Guid(803b96fa8ebd5a749bdf32bd0e553139) Importer(815301076,1909f56bfc062723c751e8b465ee728b)  -> (artifact id: '557503118c7d87d6544cfaaa2ba98494') in 0.006416 seconds 
  Import took 0.010456 seconds .

========================================================================
Received Import Request.
  Time since last request: 0.000237 seconds.
  path: Assets/Hero Knight - Pixel Art/Demo/HeroKnight_Green.prefab
  artifactKey: Guid(2f7eeaf41636b0f4f8ca52ea6858fd36) Importer(815301076,1909f56bfc062723c751e8b465ee728b)
Start importing Assets/Hero Knight - Pixel Art/Demo/HeroKnight_Green.prefab using Guid(2f7eeaf41636b0f4f8ca52ea6858fd36) Importer(815301076,1909f56bfc062723c751e8b465ee728b)  -> (artifact id: '4696a1c64b5b7010c6d1948c15765bf9') in 0.010903 seconds 
  Import took 0.014169 seconds .

========================================================================
Received Import Request.
  Time since last request: 0.000222 seconds.
  path: Assets/Hero Knight - Pixel Art/Demo/HeroKnight.prefab
  artifactKey: Guid(a4b4a6d32bcb19248a754d6602ffc7e4) Importer(815301076,1909f56bfc062723c751e8b465ee728b)
Start importing Assets/Hero Knight - Pixel Art/Demo/HeroKnight.prefab using Guid(a4b4a6d32bcb19248a754d6602ffc7e4) Importer(815301076,1909f56bfc062723c751e8b465ee728b)  -> (artifact id: 'dc6084b11bc7a6c72ac87f9cfe119980') in 0.004326 seconds 
  Import took 0.007161 seconds .

========================================================================
Received Import Request.
  Time since last request: 0.000322 seconds.
  path: Assets/Hero Knight - Pixel Art/Demo/HeroKnight_Yellow.prefab
  artifactKey: Guid(3e14bf7b39e2c2940a826eb72e6b8043) Importer(815301076,1909f56bfc062723c751e8b465ee728b)
Start importing Assets/Hero Knight - Pixel Art/Demo/HeroKnight_Yellow.prefab using Guid(3e14bf7b39e2c2940a826eb72e6b8043) Importer(815301076,1909f56bfc062723c751e8b465ee728b)  -> (artifact id: '6be97acee14fa6bb7c3690a65fc79249') in 0.004653 seconds 
  Import took 0.007585 seconds .

========================================================================
Received Import Request.
  Time since last request: 0.000232 seconds.
  path: Assets/Hero Knight - Pixel Art/Demo/SlideDust.prefab
  artifactKey: Guid(8b8c8cc6774fb074cb9139cc631b108e) Importer(815301076,1909f56bfc062723c751e8b465ee728b)
Start importing Assets/Hero Knight - Pixel Art/Demo/SlideDust.prefab using Guid(8b8c8cc6774fb074cb9139cc631b108e) Importer(815301076,1909f56bfc062723c751e8b465ee728b)  -> (artifact id: 'd1b16f471d64fc1cbecb37736ef2af7c') in 0.002723 seconds 
  Import took 0.005576 seconds .

========================================================================
Received Import Request.
  Time since last request: 274.408048 seconds.
  path: Assets/sunnyland woods/Sprites
  artifactKey: Guid(573f41dd9a7664a9887e062e765be724) Importer(815301076,1909f56bfc062723c751e8b465ee728b)
Start importing Assets/sunnyland woods/Sprites using Guid(573f41dd9a7664a9887e062e765be724) Importer(815301076,1909f56bfc062723c751e8b465ee728b)  -> (artifact id: 'e4276f13449ebc57d98c12bfad46ad59') in 0.001522 seconds 
  Import took 0.006975 seconds .

========================================================================
Received Import Request.
  Time since last request: 0.886218 seconds.
  path: Assets/sunnyland woods/Sprites/misc
  artifactKey: Guid(7a6d4a2471b164df2a51823a95cf6322) Importer(815301076,1909f56bfc062723c751e8b465ee728b)
Start importing Assets/sunnyland woods/Sprites/misc using Guid(7a6d4a2471b164df2a51823a95cf6322) Importer(815301076,1909f56bfc062723c751e8b465ee728b)  -> (artifact id: '3629df8906a8a8efb327ba3c52aa3c6d') in 0.001764 seconds 
  Import took 0.007402 seconds .

========================================================================
Received Import Request.
  Time since last request: 1.191390 seconds.
  path: Assets/sunnyland woods/Sprites/misc/acorn
  artifactKey: Guid(a72cf46cde7fe4799be8ad086ef85ffd) Importer(815301076,1909f56bfc062723c751e8b465ee728b)
Start importing Assets/sunnyland woods/Sprites/misc/acorn using Guid(a72cf46cde7fe4799be8ad086ef85ffd) Importer(815301076,1909f56bfc062723c751e8b465ee728b)  -> (artifact id: 'f3bd73443a6d735a13a76ab096be5d3a') in 0.001845 seconds 
  Import took 0.006640 seconds .

========================================================================
Received Import Request.
  Time since last request: 0.073848 seconds.
  path: Assets/sunnyland woods/Sprites/misc/acorn/acorn-1.png
  artifactKey: Guid(b6bd832411f65410381d33458375068a) Importer(815301076,1909f56bfc062723c751e8b465ee728b)
Start importing Assets/sunnyland woods/Sprites/misc/acorn/acorn-1.png using Guid(b6bd832411f65410381d33458375068a) Importer(815301076,1909f56bfc062723c751e8b465ee728b)  -> (artifact id: '60e210339c72e24f8715d808ac3bcd2b') in 0.015888 seconds 
  Import took 0.019177 seconds .

========================================================================
Received Import Request.
  Time since last request: 0.000249 seconds.
  path: Assets/sunnyland woods/Sprites/misc/acorn/acorn-3.png
  artifactKey: Guid(d19cd1636092d45cd9581f0bd094cf9c) Importer(815301076,1909f56bfc062723c751e8b465ee728b)
Start importing Assets/sunnyland woods/Sprites/misc/acorn/acorn-3.png using Guid(d19cd1636092d45cd9581f0bd094cf9c) Importer(815301076,1909f56bfc062723c751e8b465ee728b)  -> (artifact id: '496fcb3586dee981180da844d366bb74') in 0.008787 seconds 
  Import took 0.011586 seconds .

========================================================================
Received Import Request.
  Time since last request: 0.000272 seconds.
  path: Assets/sunnyland woods/Sprites/misc/acorn/acorn-2.png
  artifactKey: Guid(04750fd00d8744105871eda35fd42569) Importer(815301076,1909f56bfc062723c751e8b465ee728b)
Start importing Assets/sunnyland woods/Sprites/misc/acorn/acorn-2.png using Guid(04750fd00d8744105871eda35fd42569) Importer(815301076,1909f56bfc062723c751e8b465ee728b)  -> (artifact id: '6a13b5833867c1ede0fb79bf55ffc6f9') in 0.008317 seconds 
  Import took 0.011405 seconds .

========================================================================
Received Prepare
Registering precompiled user dll's ...
Registered in 0.002768 seconds.
Begin MonoManager ReloadAssembly
Native extension for OSXStandalone target not found
Native extension for WebGL target not found
Refreshing native plugins compatible for Editor in 0.61 ms, found 3 plugins.
Preloading 0 native plugins for Editor in 0.00 ms.
Can't find custom attr constructor image: /Users/georgliljenberghalstrom/New Unity Project (1)/Library/PackageCache/com.unity.ads@3.4.4/Editor/UnityEditor.Advertisements.dll mtoken: 0x0a00000f due to:  assembly:/Applications/Unity/Hub/Editor/2020.3.18f1/Unity.app/Contents/Managed/UnityEngine/UnityEngine.CoreModule.dll type:UnityAPICompatibilityVersionAttribute member:void {0}(string,string[]) signature:.ctor
Can't find custom attr constructor image: /Users/georgliljenberghalstrom/New Unity Project (1)/Library/PackageCache/com.unity.ads@3.4.4/Editor/UnityEditor.Advertisements.dll mtoken: 0x0a00000f due to:  assembly:/Applications/Unity/Hub/Editor/2020.3.18f1/Unity.app/Contents/Managed/UnityEngine/UnityEngine.CoreModule.dll type:UnityAPICompatibilityVersionAttribute member:void {0}(string,string[]) signature:.ctor
Mono: successfully reloaded assembly
- Completed reload, in  2.208 seconds
Domain Reload Profiling:
	ReloadAssembly (2209ms)
		BeginReloadAssembly (250ms)
			ExecutionOrderSort (0ms)
			DisableScriptedObjects (36ms)
			BackupInstance (0ms)
			ReleaseScriptingObjects (0ms)
			CreateAndSetChildDomain (108ms)
		EndReloadAssembly (1863ms)
			LoadAssemblies (162ms)
			RebuildTransferFunctionScriptingTraits (0ms)
			SetupTypeCache (360ms)
			ReleaseScriptCaches (1ms)
			RebuildScriptCaches (57ms)
			SetupLoadedEditorAssemblies (1024ms)
				LogAssemblyErrors (0ms)
				InitializePlatformSupportModulesInManaged (18ms)
				SetLoadedEditorAssemblies (1ms)
				RefreshPlugins (1ms)
				BeforeProcessingInitializeOnLoad (165ms)
				ProcessInitializeOnLoadAttributes (817ms)
				ProcessInitializeOnLoadMethodAttributes (21ms)
				AfterProcessingInitializeOnLoad (1ms)
				EditorAssembliesLoaded (0ms)
			ExecutionOrderSort2 (0ms)
			AwakeInstancesAfterBackupRestoration (41ms)
Platform modules already initialized, skipping
Refreshing native plugins compatible for Editor in 0.56 ms, found 3 plugins.
Preloading 0 native plugins for Editor in 0.00 ms.
Unloading 2479 Unused Serialized files (Serialized files now loaded: 0)
System memory in use before: 219.6 MB.
System memory in use after: 219.8 MB.

Unloading 41 unused Assets to reduce memory usage. Loaded Objects now: 2976.
Total: 2.377833 ms (FindLiveObjects: 0.186083 ms CreateObjectMapping: 0.056958 ms MarkObjects: 2.110834 ms  DeleteObjects: 0.022958 ms)

AssetImportParameters requested are different than current active one (requested -> active):
  custom:video-decoder-ogg-theora: a1e56fd34408186e4bbccfd4996cb3dc -> 
  custom:container-muxer-webm: aa71ff27fc2769a1b78a27578f13a17b -> 
  custom:container-demuxer-webm: 4f35f7cbe854078d1ac9338744f61a02 -> 
  custom:container-demuxer-ogg: 62fdf1f143b41e24485cea50d1cbac27 -> 
  custom:video-encoder-webm-vp8: eb34c28f22e8b96e1ab97ce403110664 -> 
  custom:framework-osx-AVFoundation: e770b220cccbd017edd2c1fefb359320 -> 
  custom:video-decoder-webm-vp8: 9c59270c3fd7afecdb556c50c9e8de78 -> 
  custom:audio-decoder-ogg-vorbis: bf7c407c2cedff20999df2af8eb42d56 -> 
  custom:audio-encoder-webm-vorbis: bf7c407c2cedff20999df2af8eb42d56 -> 
========================================================================
Received Import Request.
  Time since last request: 402.942186 seconds.
  path: Assets/sunnyland woods/Scenes
  artifactKey: Guid(7cdd06469f8d14b50b87c93e57615a86) Importer(815301076,1909f56bfc062723c751e8b465ee728b)
Start importing Assets/sunnyland woods/Scenes using Guid(7cdd06469f8d14b50b87c93e57615a86) Importer(815301076,1909f56bfc062723c751e8b465ee728b)  -> (artifact id: 'ffed3e9347a0588a74b12894fc78ded6') in 0.006882 seconds 
  Import took 0.010939 seconds .

========================================================================
Received Import Request.
  Time since last request: 0.000623 seconds.
  path: Assets/sunnyland woods/Scenes
  artifactKey: Guid(7cdd06469f8d14b50b87c93e57615a86) Importer(815301076,1909f56bfc062723c751e8b465ee728b)
Start importing Assets/sunnyland woods/Scenes using Guid(7cdd06469f8d14b50b87c93e57615a86) Importer(815301076,1909f56bfc062723c751e8b465ee728b)  -> (artifact id: 'ffed3e9347a0588a74b12894fc78ded6') in 0.000686 seconds 
  Import took 0.004165 seconds .

========================================================================
Received Prepare
Registering precompiled user dll's ...
Registered in 0.005564 seconds.
Begin MonoManager ReloadAssembly
Native extension for OSXStandalone target not found
Native extension for WebGL target not found
Refreshing native plugins compatible for Editor in 0.60 ms, found 3 plugins.
Preloading 0 native plugins for Editor in 0.00 ms.
Can't find custom attr constructor image: /Users/georgliljenberghalstrom/New Unity Project (1)/Library/PackageCache/com.unity.ads@3.4.4/Editor/UnityEditor.Advertisements.dll mtoken: 0x0a00000f due to:  assembly:/Applications/Unity/Hub/Editor/2020.3.18f1/Unity.app/Contents/Managed/UnityEngine/UnityEngine.CoreModule.dll type:UnityAPICompatibilityVersionAttribute member:void {0}(string,string[]) signature:.ctor
Can't find custom attr constructor image: /Users/georgliljenberghalstrom/New Unity Project (1)/Library/PackageCache/com.unity.ads@3.4.4/Editor/UnityEditor.Advertisements.dll mtoken: 0x0a00000f due to:  assembly:/Applications/Unity/Hub/Editor/2020.3.18f1/Unity.app/Contents/Managed/UnityEngine/UnityEngine.CoreModule.dll type:UnityAPICompatibilityVersionAttribute member:void {0}(string,string[]) signature:.ctor
Mono: successfully reloaded assembly
- Completed reload, in  2.238 seconds
Domain Reload Profiling:
	ReloadAssembly (2239ms)
		BeginReloadAssembly (248ms)
			ExecutionOrderSort (0ms)
			DisableScriptedObjects (36ms)
			BackupInstance (0ms)
			ReleaseScriptingObjects (0ms)
			CreateAndSetChildDomain (102ms)
		EndReloadAssembly (1897ms)
			LoadAssemblies (185ms)
			RebuildTransferFunctionScriptingTraits (0ms)
			SetupTypeCache (354ms)
			ReleaseScriptCaches (1ms)
			RebuildScriptCaches (56ms)
			SetupLoadedEditorAssemblies (1036ms)
				LogAssemblyErrors (0ms)
				InitializePlatformSupportModulesInManaged (18ms)
				SetLoadedEditorAssemblies (2ms)
				RefreshPlugins (1ms)
				BeforeProcessingInitializeOnLoad (171ms)
				ProcessInitializeOnLoadAttributes (823ms)
				ProcessInitializeOnLoadMethodAttributes (21ms)
				AfterProcessingInitializeOnLoad (1ms)
				EditorAssembliesLoaded (0ms)
			ExecutionOrderSort2 (0ms)
			AwakeInstancesAfterBackupRestoration (42ms)
Platform modules already initialized, skipping
Refreshing native plugins compatible for Editor in 0.57 ms, found 3 plugins.
Preloading 0 native plugins for Editor in 0.00 ms.
Unloading 2479 Unused Serialized files (Serialized files now loaded: 0)
System memory in use before: 219.9 MB.
System memory in use after: 220.1 MB.

Unloading 40 unused Assets to reduce memory usage. Loaded Objects now: 2979.
Total: 2.259792 ms (FindLiveObjects: 0.165375 ms CreateObjectMapping: 0.049791 ms MarkObjects: 2.025917 ms  DeleteObjects: 0.017708 ms)

AssetImportParameters requested are different than current active one (requested -> active):
  custom:video-decoder-ogg-theora: a1e56fd34408186e4bbccfd4996cb3dc -> 
  custom:container-muxer-webm: aa71ff27fc2769a1b78a27578f13a17b -> 
  custom:container-demuxer-webm: 4f35f7cbe854078d1ac9338744f61a02 -> 
  custom:container-demuxer-ogg: 62fdf1f143b41e24485cea50d1cbac27 -> 
  custom:video-encoder-webm-vp8: eb34c28f22e8b96e1ab97ce403110664 -> 
  custom:framework-osx-AVFoundation: e770b220cccbd017edd2c1fefb359320 -> 
  custom:video-decoder-webm-vp8: 9c59270c3fd7afecdb556c50c9e8de78 -> 
  custom:audio-decoder-ogg-vorbis: bf7c407c2cedff20999df2af8eb42d56 -> 
  custom:audio-encoder-webm-vorbis: bf7c407c2cedff20999df2af8eb42d56 -> 
========================================================================
Received Import Request.
  Time since last request: 901.191467 seconds.
  path: Assets/Images
  artifactKey: Guid(dd463c752245e408aa63a05c8735389d) Importer(815301076,1909f56bfc062723c751e8b465ee728b)
Start importing Assets/Images using Guid(dd463c752245e408aa63a05c8735389d) Importer(815301076,1909f56bfc062723c751e8b465ee728b)  -> (artifact id: '15697d7bbe98239ae7b6dfdb8b88f3d1') in 0.006949 seconds 
  Import took 0.012092 seconds .

========================================================================
Received Import Request.
  Time since last request: 2.438945 seconds.
  path: Assets/Images/MH3Abh.png
  artifactKey: Guid(e696f221ea7074aca973b6970c015e9a) Importer(815301076,1909f56bfc062723c751e8b465ee728b)
Start importing Assets/Images/MH3Abh.png using Guid(e696f221ea7074aca973b6970c015e9a) Importer(815301076,1909f56bfc062723c751e8b465ee728b)  -> (artifact id: 'ad9946d64488f554be80f8549a22e686') in 0.123704 seconds 
  Import took 0.126994 seconds .

========================================================================
Received Import Request.
  Time since last request: 10.379940 seconds.
  path: Assets/Images/Asteroids
  artifactKey: Guid(8c74efdf78c414c4192c5a48ed9df654) Importer(815301076,1909f56bfc062723c751e8b465ee728b)
Start importing Assets/Images/Asteroids using Guid(8c74efdf78c414c4192c5a48ed9df654) Importer(815301076,1909f56bfc062723c751e8b465ee728b)  -> (artifact id: '0ec83c20d9c21f13a86ccc82dbb31fee') in 0.001165 seconds 
  Import took 0.005122 seconds .

========================================================================
Received Prepare
Registering precompiled user dll's ...
Registered in 0.002120 seconds.
Begin MonoManager ReloadAssembly
Native extension for OSXStandalone target not found
Native extension for WebGL target not found
Refreshing native plugins compatible for Editor in 0.60 ms, found 3 plugins.
Preloading 0 native plugins for Editor in 0.00 ms.
Can't find custom attr constructor image: /Users/georgliljenberghalstrom/New Unity Project (1)/Library/PackageCache/com.unity.ads@3.4.4/Editor/UnityEditor.Advertisements.dll mtoken: 0x0a00000f due to:  assembly:/Applications/Unity/Hub/Editor/2020.3.18f1/Unity.app/Contents/Managed/UnityEngine/UnityEngine.CoreModule.dll type:UnityAPICompatibilityVersionAttribute member:void {0}(string,string[]) signature:.ctor
Can't find custom attr constructor image: /Users/georgliljenberghalstrom/New Unity Project (1)/Library/PackageCache/com.unity.ads@3.4.4/Editor/UnityEditor.Advertisements.dll mtoken: 0x0a00000f due to:  assembly:/Applications/Unity/Hub/Editor/2020.3.18f1/Unity.app/Contents/Managed/UnityEngine/UnityEngine.CoreModule.dll type:UnityAPICompatibilityVersionAttribute member:void {0}(string,string[]) signature:.ctor
Mono: successfully reloaded assembly
- Completed reload, in  2.149 seconds
Domain Reload Profiling:
	ReloadAssembly (2150ms)
		BeginReloadAssembly (223ms)
			ExecutionOrderSort (0ms)
			DisableScriptedObjects (34ms)
			BackupInstance (0ms)
			ReleaseScriptingObjects (0ms)
			CreateAndSetChildDomain (88ms)
		EndReloadAssembly (1833ms)
			LoadAssemblies (161ms)
			RebuildTransferFunctionScriptingTraits (0ms)
			SetupTypeCache (351ms)
			ReleaseScriptCaches (1ms)
			RebuildScriptCaches (57ms)
			SetupLoadedEditorAssemblies (1005ms)
				LogAssemblyErrors (0ms)
				InitializePlatformSupportModulesInManaged (17ms)
				SetLoadedEditorAssemblies (2ms)
				RefreshPlugins (1ms)
				BeforeProcessingInitializeOnLoad (164ms)
				ProcessInitializeOnLoadAttributes (799ms)
				ProcessInitializeOnLoadMethodAttributes (22ms)
				AfterProcessingInitializeOnLoad (1ms)
				EditorAssembliesLoaded (0ms)
			ExecutionOrderSort2 (0ms)
			AwakeInstancesAfterBackupRestoration (41ms)
Platform modules already initialized, skipping
Refreshing native plugins compatible for Editor in 0.47 ms, found 3 plugins.
Preloading 0 native plugins for Editor in 0.00 ms.
Unloading 2479 Unused Serialized files (Serialized files now loaded: 0)
System memory in use before: 220.2 MB.
System memory in use after: 220.4 MB.

Unloading 40 unused Assets to reduce memory usage. Loaded Objects now: 2985.
Total: 2.268334 ms (FindLiveObjects: 0.122417 ms CreateObjectMapping: 0.046375 ms MarkObjects: 2.080959 ms  DeleteObjects: 0.017708 ms)

AssetImportParameters requested are different than current active one (requested -> active):
  custom:video-decoder-ogg-theora: a1e56fd34408186e4bbccfd4996cb3dc -> 
  custom:container-muxer-webm: aa71ff27fc2769a1b78a27578f13a17b -> 
  custom:container-demuxer-webm: 4f35f7cbe854078d1ac9338744f61a02 -> 
  custom:container-demuxer-ogg: 62fdf1f143b41e24485cea50d1cbac27 -> 
  custom:video-encoder-webm-vp8: eb34c28f22e8b96e1ab97ce403110664 -> 
  custom:framework-osx-AVFoundation: e770b220cccbd017edd2c1fefb359320 -> 
  custom:video-decoder-webm-vp8: 9c59270c3fd7afecdb556c50c9e8de78 -> 
  custom:audio-decoder-ogg-vorbis: bf7c407c2cedff20999df2af8eb42d56 -> 
  custom:audio-encoder-webm-vorbis: bf7c407c2cedff20999df2af8eb42d56 -> 
========================================================================
Received Prepare
Registering precompiled user dll's ...
Registered in 0.002915 seconds.
Begin MonoManager ReloadAssembly
Native extension for OSXStandalone target not found
Native extension for WebGL target not found
Refreshing native plugins compatible for Editor in 0.61 ms, found 3 plugins.
Preloading 0 native plugins for Editor in 0.00 ms.
Can't find custom attr constructor image: /Users/georgliljenberghalstrom/New Unity Project (1)/Library/PackageCache/com.unity.ads@3.4.4/Editor/UnityEditor.Advertisements.dll mtoken: 0x0a00000f due to:  assembly:/Applications/Unity/Hub/Editor/2020.3.18f1/Unity.app/Contents/Managed/UnityEngine/UnityEngine.CoreModule.dll type:UnityAPICompatibilityVersionAttribute member:void {0}(string,string[]) signature:.ctor
Can't find custom attr constructor image: /Users/georgliljenberghalstrom/New Unity Project (1)/Library/PackageCache/com.unity.ads@3.4.4/Editor/UnityEditor.Advertisements.dll mtoken: 0x0a00000f due to:  assembly:/Applications/Unity/Hub/Editor/2020.3.18f1/Unity.app/Contents/Managed/UnityEngine/UnityEngine.CoreModule.dll type:UnityAPICompatibilityVersionAttribute member:void {0}(string,string[]) signature:.ctor
Mono: successfully reloaded assembly
- Completed reload, in  2.172 seconds
Domain Reload Profiling:
	ReloadAssembly (2173ms)
		BeginReloadAssembly (220ms)
			ExecutionOrderSort (0ms)
			DisableScriptedObjects (34ms)
			BackupInstance (0ms)
			ReleaseScriptingObjects (0ms)
			CreateAndSetChildDomain (84ms)
		EndReloadAssembly (1859ms)
			LoadAssemblies (162ms)
			RebuildTransferFunctionScriptingTraits (0ms)
			SetupTypeCache (350ms)
			ReleaseScriptCaches (1ms)
			RebuildScriptCaches (56ms)
			SetupLoadedEditorAssemblies (1005ms)
				LogAssemblyErrors (0ms)
				InitializePlatformSupportModulesInManaged (17ms)
				SetLoadedEditorAssemblies (2ms)
				RefreshPlugins (1ms)
				BeforeProcessingInitializeOnLoad (163ms)
				ProcessInitializeOnLoadAttributes (801ms)
				ProcessInitializeOnLoadMethodAttributes (22ms)
				AfterProcessingInitializeOnLoad (1ms)
				EditorAssembliesLoaded (0ms)
			ExecutionOrderSort2 (0ms)
			AwakeInstancesAfterBackupRestoration (41ms)
Platform modules already initialized, skipping
Refreshing native plugins compatible for Editor in 0.65 ms, found 3 plugins.
Preloading 0 native plugins for Editor in 0.00 ms.
Unloading 2479 Unused Serialized files (Serialized files now loaded: 0)
System memory in use before: 220.8 MB.
System memory in use after: 221.0 MB.

Unloading 40 unused Assets to reduce memory usage. Loaded Objects now: 2988.
Total: 2.461416 ms (FindLiveObjects: 0.173125 ms CreateObjectMapping: 0.052958 ms MarkObjects: 2.212708 ms  DeleteObjects: 0.021667 ms)

AssetImportParameters requested are different than current active one (requested -> active):
  custom:video-decoder-ogg-theora: a1e56fd34408186e4bbccfd4996cb3dc -> 
  custom:container-muxer-webm: aa71ff27fc2769a1b78a27578f13a17b -> 
  custom:container-demuxer-webm: 4f35f7cbe854078d1ac9338744f61a02 -> 
  custom:container-demuxer-ogg: 62fdf1f143b41e24485cea50d1cbac27 -> 
  custom:video-encoder-webm-vp8: eb34c28f22e8b96e1ab97ce403110664 -> 
  custom:framework-osx-AVFoundation: e770b220cccbd017edd2c1fefb359320 -> 
  custom:video-decoder-webm-vp8: 9c59270c3fd7afecdb556c50c9e8de78 -> 
  custom:audio-decoder-ogg-vorbis: bf7c407c2cedff20999df2af8eb42d56 -> 
  custom:audio-encoder-webm-vorbis: bf7c407c2cedff20999df2af8eb42d56 -> 
